2023-03-14 15:02:02,883 INFO org.springframework.boot.StartupInfoLogger [main] Starting PFEApplication using Java 1.8.0_333 on NoOne with PID 16204 (C:\Users\hamza\OneDrive\Bureau\JAVA\Les travaux JAVA\PFEProject\target\classes started by hamza in C:\Users\hamza\OneDrive\Bureau\JAVA\Les travaux JAVA\PFEProject)
2023-03-14 15:02:02,890 DEBUG org.springframework.boot.StartupInfoLogger [main] Running with Spring Boot v2.5.1, Spring v5.3.8
2023-03-14 15:02:02,890 INFO org.springframework.boot.SpringApplication [main] The following profiles are active: dev
2023-03-14 15:02:05,128 INFO org.springframework.data.repository.config.RepositoryConfigurationDelegate [main] Bootstrapping Spring Data JPA repositories in DEFAULT mode.
2023-03-14 15:02:05,274 INFO org.springframework.data.repository.config.RepositoryConfigurationDelegate [main] Finished Spring Data repository scanning in 119 ms. Found 1 JPA repository interfaces.
2023-03-14 15:02:07,261 INFO org.springframework.boot.web.embedded.tomcat.TomcatWebServer [main] Tomcat initialized with port(s): 8089 (http)
2023-03-14 15:02:07,293 INFO org.apache.juli.logging.DirectJDKLog [main] Initializing ProtocolHandler ["http-nio-8089"]
2023-03-14 15:02:07,295 INFO org.apache.juli.logging.DirectJDKLog [main] Starting service [Tomcat]
2023-03-14 15:02:07,296 INFO org.apache.juli.logging.DirectJDKLog [main] Starting Servlet engine: [Apache Tomcat/9.0.46]
2023-03-14 15:02:07,587 INFO org.apache.juli.logging.DirectJDKLog [main] Initializing Spring embedded WebApplicationContext
2023-03-14 15:02:07,588 INFO org.springframework.boot.web.servlet.context.ServletWebServerApplicationContext [main] Root WebApplicationContext: initialization completed in 4508 ms
2023-03-14 15:02:07,991 INFO com.zaxxer.hikari.HikariDataSource [main] HikariPool-1 - Starting...
2023-03-14 15:02:08,336 INFO com.zaxxer.hikari.pool.PoolBase [main] HikariPool-1 - Driver does not support get/set network timeout for connections. (com.mysql.jdbc.JDBC4Connection.getNetworkTimeout()I)
2023-03-14 15:02:08,342 INFO com.zaxxer.hikari.HikariDataSource [main] HikariPool-1 - Start completed.
2023-03-14 15:02:11,177 INFO org.springframework.orm.jpa.AbstractEntityManagerFactoryBean [main] Initialized JPA EntityManagerFactory for persistence unit 'default'
2023-03-14 15:02:12,221 WARN org.springframework.boot.autoconfigure.orm.jpa.JpaBaseConfiguration$JpaWebConfiguration [main] spring.jpa.open-in-view is enabled by default. Therefore, database queries may be performed during view rendering. Explicitly configure spring.jpa.open-in-view to disable this warning
2023-03-14 15:02:12,430 DEBUG org.springframework.web.servlet.handler.AbstractHandlerMethodMapping [main] 11 mappings in 'requestMappingHandlerMapping'
2023-03-14 15:02:12,848 DEBUG org.springframework.web.servlet.mvc.method.annotation.RequestMappingHandlerAdapter [main] ControllerAdvice beans: 0 @ModelAttribute, 0 @InitBinder, 1 RequestBodyAdvice, 1 ResponseBodyAdvice
2023-03-14 15:02:12,950 DEBUG org.springframework.web.servlet.handler.SimpleUrlHandlerMapping [main] Patterns [/swagger-ui/] in 'viewControllerHandlerMapping'
2023-03-14 15:02:12,985 DEBUG org.springframework.web.servlet.handler.SimpleUrlHandlerMapping [main] Patterns [/webjars/**, /**, /swagger-ui/**] in 'resourceHandlerMapping'
2023-03-14 15:02:13,000 DEBUG org.springframework.web.servlet.mvc.method.annotation.ExceptionHandlerExceptionResolver [main] ControllerAdvice beans: 0 @ExceptionHandler, 1 ResponseBodyAdvice
2023-03-14 15:02:13,226 INFO org.apache.juli.logging.DirectJDKLog [main] Starting ProtocolHandler ["http-nio-8089"]
2023-03-14 15:02:13,306 INFO org.springframework.boot.web.embedded.tomcat.TomcatWebServer [main] Tomcat started on port(s): 8089 (http) with context path ''
2023-03-14 15:02:14,055 INFO org.springframework.boot.StartupInfoLogger [main] Started PFEApplication in 12.158 seconds (JVM running for 13.472)
2023-03-14 15:02:14,068 INFO ma.pfe.PFEApplication [main] Access URLs:
----------------------------------------------------------
	Local: 		http://127.0.0.1:8089/swagger-ui/#/
	External: 	http://192.168.95.1:8089/swagger-ui/#/
----------------------------------------------------------
2023-03-14 15:05:01,448 INFO org.springframework.orm.jpa.AbstractEntityManagerFactoryBean [SpringApplicationShutdownHook] Closing JPA EntityManagerFactory for persistence unit 'default'
2023-03-14 15:05:01,452 INFO com.zaxxer.hikari.HikariDataSource [SpringApplicationShutdownHook] HikariPool-1 - Shutdown initiated...
2023-03-14 15:05:01,461 INFO com.zaxxer.hikari.HikariDataSource [SpringApplicationShutdownHook] HikariPool-1 - Shutdown completed.
2023-03-14 15:05:07,037 INFO org.springframework.boot.StartupInfoLogger [main] Starting PFEApplication using Java 1.8.0_333 on NoOne with PID 2588 (C:\Users\hamza\OneDrive\Bureau\JAVA\Les travaux JAVA\PFEProject\target\classes started by hamza in C:\Users\hamza\OneDrive\Bureau\JAVA\Les travaux JAVA\PFEProject)
2023-03-14 15:05:07,043 DEBUG org.springframework.boot.StartupInfoLogger [main] Running with Spring Boot v2.5.1, Spring v5.3.8
2023-03-14 15:05:07,043 INFO org.springframework.boot.SpringApplication [main] The following profiles are active: dev
2023-03-14 15:05:09,036 INFO org.springframework.data.repository.config.RepositoryConfigurationDelegate [main] Bootstrapping Spring Data JPA repositories in DEFAULT mode.
2023-03-14 15:05:09,130 INFO org.springframework.data.repository.config.RepositoryConfigurationDelegate [main] Finished Spring Data repository scanning in 79 ms. Found 1 JPA repository interfaces.
2023-03-14 15:05:10,895 INFO org.springframework.boot.web.embedded.tomcat.TomcatWebServer [main] Tomcat initialized with port(s): 8089 (http)
2023-03-14 15:05:10,916 INFO org.apache.juli.logging.DirectJDKLog [main] Initializing ProtocolHandler ["http-nio-8089"]
2023-03-14 15:05:10,917 INFO org.apache.juli.logging.DirectJDKLog [main] Starting service [Tomcat]
2023-03-14 15:05:10,918 INFO org.apache.juli.logging.DirectJDKLog [main] Starting Servlet engine: [Apache Tomcat/9.0.46]
2023-03-14 15:05:11,163 INFO org.apache.juli.logging.DirectJDKLog [main] Initializing Spring embedded WebApplicationContext
2023-03-14 15:05:11,164 INFO org.springframework.boot.web.servlet.context.ServletWebServerApplicationContext [main] Root WebApplicationContext: initialization completed in 3968 ms
2023-03-14 15:05:11,444 INFO com.zaxxer.hikari.HikariDataSource [main] HikariPool-1 - Starting...
2023-03-14 15:05:11,867 INFO com.zaxxer.hikari.pool.PoolBase [main] HikariPool-1 - Driver does not support get/set network timeout for connections. (com.mysql.jdbc.JDBC4Connection.getNetworkTimeout()I)
2023-03-14 15:05:11,872 INFO com.zaxxer.hikari.HikariDataSource [main] HikariPool-1 - Start completed.
2023-03-14 15:05:14,132 INFO org.springframework.orm.jpa.AbstractEntityManagerFactoryBean [main] Initialized JPA EntityManagerFactory for persistence unit 'default'
2023-03-14 15:05:15,154 WARN org.springframework.boot.autoconfigure.orm.jpa.JpaBaseConfiguration$JpaWebConfiguration [main] spring.jpa.open-in-view is enabled by default. Therefore, database queries may be performed during view rendering. Explicitly configure spring.jpa.open-in-view to disable this warning
2023-03-14 15:05:15,337 DEBUG org.springframework.web.servlet.handler.AbstractHandlerMethodMapping [main] 11 mappings in 'requestMappingHandlerMapping'
2023-03-14 15:05:15,731 DEBUG org.springframework.web.servlet.mvc.method.annotation.RequestMappingHandlerAdapter [main] ControllerAdvice beans: 0 @ModelAttribute, 0 @InitBinder, 1 RequestBodyAdvice, 1 ResponseBodyAdvice
2023-03-14 15:05:15,814 DEBUG org.springframework.web.servlet.handler.SimpleUrlHandlerMapping [main] Patterns [/swagger-ui/] in 'viewControllerHandlerMapping'
2023-03-14 15:05:15,846 DEBUG org.springframework.web.servlet.handler.SimpleUrlHandlerMapping [main] Patterns [/webjars/**, /**, /swagger-ui/**] in 'resourceHandlerMapping'
2023-03-14 15:05:15,860 DEBUG org.springframework.web.servlet.mvc.method.annotation.ExceptionHandlerExceptionResolver [main] ControllerAdvice beans: 0 @ExceptionHandler, 1 ResponseBodyAdvice
2023-03-14 15:05:16,043 INFO org.apache.juli.logging.DirectJDKLog [main] Starting ProtocolHandler ["http-nio-8089"]
2023-03-14 15:05:16,074 INFO org.springframework.boot.web.embedded.tomcat.TomcatWebServer [main] Tomcat started on port(s): 8089 (http) with context path ''
2023-03-14 15:05:16,702 INFO org.springframework.boot.StartupInfoLogger [main] Started PFEApplication in 10.604 seconds (JVM running for 11.823)
2023-03-14 15:05:16,710 INFO ma.pfe.PFEApplication [main] Access URLs:
----------------------------------------------------------
	Local: 		http://127.0.0.1:8089/swagger-ui/#/
	External: 	http://192.168.95.1:8089/swagger-ui/#/
----------------------------------------------------------
2023-03-14 15:40:57,933 INFO org.apache.juli.logging.DirectJDKLog [http-nio-8089-exec-1] Initializing Spring DispatcherServlet 'dispatcherServlet'
2023-03-14 15:40:57,934 INFO org.springframework.web.servlet.FrameworkServlet [http-nio-8089-exec-1] Initializing Servlet 'dispatcherServlet'
2023-03-14 15:40:57,935 DEBUG org.springframework.web.servlet.DispatcherServlet [http-nio-8089-exec-1] Detected StandardServletMultipartResolver
2023-03-14 15:40:57,938 DEBUG org.springframework.web.servlet.DispatcherServlet [http-nio-8089-exec-1] Detected AcceptHeaderLocaleResolver
2023-03-14 15:40:57,938 DEBUG org.springframework.web.servlet.DispatcherServlet [http-nio-8089-exec-1] Detected FixedThemeResolver
2023-03-14 15:40:57,944 DEBUG org.springframework.web.servlet.DispatcherServlet [http-nio-8089-exec-1] Detected org.springframework.web.servlet.view.DefaultRequestToViewNameTranslator@c0013b8
2023-03-14 15:40:57,947 DEBUG org.springframework.web.servlet.DispatcherServlet [http-nio-8089-exec-1] Detected org.springframework.web.servlet.support.SessionFlashMapManager@4b360972
2023-03-14 15:40:57,951 DEBUG org.springframework.web.servlet.FrameworkServlet [http-nio-8089-exec-1] enableLoggingRequestDetails='false': request parameters and headers will be masked to prevent unsafe logging of potentially sensitive data
2023-03-14 15:40:57,951 INFO org.springframework.web.servlet.FrameworkServlet [http-nio-8089-exec-1] Completed initialization in 16 ms
2023-03-14 15:40:58,004 DEBUG org.springframework.core.log.LogFormatUtils [http-nio-8089-exec-1] GET "/v2/api-docs", parameters={}
2023-03-14 15:40:58,035 DEBUG org.springframework.web.servlet.handler.AbstractHandlerMapping [http-nio-8089-exec-1] Mapped to springfox.documentation.swagger2.web.Swagger2ControllerWebMvc#getDocumentation(String, HttpServletRequest)
2023-03-14 15:40:58,586 DEBUG org.springframework.web.servlet.mvc.method.annotation.AbstractMessageConverterMethodProcessor [http-nio-8089-exec-1] Using 'application/json;q=0.8', given [text/html, application/xhtml+xml, image/avif, image/webp, image/apng, application/xml;q=0.9, application/signed-exchange;v=b3;q=0.7, */*;q=0.8] and supported [application/json, application/hal+json]
2023-03-14 15:40:58,608 DEBUG org.springframework.core.log.LogFormatUtils [http-nio-8089-exec-1] Writing [springfox.documentation.spring.web.json.Json@324bc0cd]
2023-03-14 15:40:58,694 DEBUG org.springframework.web.servlet.FrameworkServlet [http-nio-8089-exec-1] Completed 200 OK
2023-03-14 15:40:58,796 DEBUG org.springframework.core.log.LogFormatUtils [http-nio-8089-exec-2] GET "/favicon.ico", parameters={}
2023-03-14 15:40:58,804 DEBUG org.springframework.web.servlet.handler.AbstractHandlerMapping [http-nio-8089-exec-2] Mapped to ResourceHttpRequestHandler [Classpath [META-INF/resources/], Classpath [resources/], Classpath [static/], Classpath [public/], ServletContext [/]]
2023-03-14 15:40:58,824 DEBUG org.springframework.web.servlet.resource.ResourceHttpRequestHandler [http-nio-8089-exec-2] Resource not found
2023-03-14 15:40:58,824 DEBUG org.springframework.web.servlet.FrameworkServlet [http-nio-8089-exec-2] Completed 404 NOT_FOUND
2023-03-14 15:40:58,829 DEBUG org.springframework.core.log.LogFormatUtils [http-nio-8089-exec-2] "ERROR" dispatch for GET "/error", parameters={}
2023-03-14 15:40:58,832 DEBUG org.springframework.web.servlet.handler.AbstractHandlerMapping [http-nio-8089-exec-2] Mapped to org.springframework.boot.autoconfigure.web.servlet.error.BasicErrorController#error(HttpServletRequest)
2023-03-14 15:40:58,838 DEBUG org.springframework.web.servlet.mvc.method.annotation.AbstractMessageConverterMethodProcessor [http-nio-8089-exec-2] Using 'application/json;q=0.8', given [image/avif, image/webp, image/apng, image/svg+xml, image/*, */*;q=0.8] and supported [application/json, application/*+json, application/json, application/*+json]
2023-03-14 15:40:58,839 DEBUG org.springframework.core.log.LogFormatUtils [http-nio-8089-exec-2] Writing [{timestamp=Tue Mar 14 15:40:58 WEST 2023, status=404, error=Not Found, path=/favicon.ico}]
2023-03-14 15:40:58,883 DEBUG org.springframework.web.servlet.FrameworkServlet [http-nio-8089-exec-2] Exiting from "ERROR" dispatch, status 404
2023-03-14 16:14:06,816 INFO org.springframework.orm.jpa.AbstractEntityManagerFactoryBean [SpringApplicationShutdownHook] Closing JPA EntityManagerFactory for persistence unit 'default'
2023-03-14 16:14:06,841 INFO com.zaxxer.hikari.HikariDataSource [SpringApplicationShutdownHook] HikariPool-1 - Shutdown initiated...
2023-03-14 16:14:06,844 INFO com.zaxxer.hikari.HikariDataSource [SpringApplicationShutdownHook] HikariPool-1 - Shutdown completed.
2023-03-14 16:14:21,248 INFO org.springframework.boot.StartupInfoLogger [main] Starting PFEApplication using Java 1.8.0_333 on NoOne with PID 16140 (C:\Users\hamza\OneDrive\Bureau\JAVA\Les travaux JAVA\PFEProject\target\classes started by hamza in C:\Users\hamza\OneDrive\Bureau\JAVA\Les travaux JAVA\PFEProject)
2023-03-14 16:14:21,253 DEBUG org.springframework.boot.StartupInfoLogger [main] Running with Spring Boot v2.5.1, Spring v5.3.8
2023-03-14 16:14:21,253 INFO org.springframework.boot.SpringApplication [main] The following profiles are active: dev
2023-03-14 16:14:23,592 INFO org.springframework.data.repository.config.RepositoryConfigurationDelegate [main] Bootstrapping Spring Data JPA repositories in DEFAULT mode.
2023-03-14 16:14:23,732 INFO org.springframework.data.repository.config.RepositoryConfigurationDelegate [main] Finished Spring Data repository scanning in 116 ms. Found 1 JPA repository interfaces.
2023-03-14 16:14:25,831 INFO org.springframework.boot.web.embedded.tomcat.TomcatWebServer [main] Tomcat initialized with port(s): 8089 (http)
2023-03-14 16:14:25,861 INFO org.apache.juli.logging.DirectJDKLog [main] Initializing ProtocolHandler ["http-nio-8089"]
2023-03-14 16:14:25,863 INFO org.apache.juli.logging.DirectJDKLog [main] Starting service [Tomcat]
2023-03-14 16:14:25,867 INFO org.apache.juli.logging.DirectJDKLog [main] Starting Servlet engine: [Apache Tomcat/9.0.46]
2023-03-14 16:14:26,177 INFO org.apache.juli.logging.DirectJDKLog [main] Initializing Spring embedded WebApplicationContext
2023-03-14 16:14:26,178 INFO org.springframework.boot.web.servlet.context.ServletWebServerApplicationContext [main] Root WebApplicationContext: initialization completed in 4735 ms
2023-03-14 16:14:26,567 INFO com.zaxxer.hikari.HikariDataSource [main] HikariPool-1 - Starting...
2023-03-14 16:14:26,992 INFO com.zaxxer.hikari.pool.PoolBase [main] HikariPool-1 - Driver does not support get/set network timeout for connections. (com.mysql.jdbc.JDBC4Connection.getNetworkTimeout()I)
2023-03-14 16:14:26,996 INFO com.zaxxer.hikari.HikariDataSource [main] HikariPool-1 - Start completed.
2023-03-14 16:14:29,670 INFO org.springframework.orm.jpa.AbstractEntityManagerFactoryBean [main] Initialized JPA EntityManagerFactory for persistence unit 'default'
2023-03-14 16:14:30,859 WARN org.springframework.boot.autoconfigure.orm.jpa.JpaBaseConfiguration$JpaWebConfiguration [main] spring.jpa.open-in-view is enabled by default. Therefore, database queries may be performed during view rendering. Explicitly configure spring.jpa.open-in-view to disable this warning
2023-03-14 16:14:31,131 DEBUG org.springframework.web.servlet.handler.AbstractHandlerMethodMapping [main] 11 mappings in 'requestMappingHandlerMapping'
2023-03-14 16:14:31,589 DEBUG org.springframework.web.servlet.mvc.method.annotation.RequestMappingHandlerAdapter [main] ControllerAdvice beans: 0 @ModelAttribute, 0 @InitBinder, 1 RequestBodyAdvice, 1 ResponseBodyAdvice
2023-03-14 16:14:31,691 DEBUG org.springframework.web.servlet.handler.SimpleUrlHandlerMapping [main] Patterns [/swagger-ui/] in 'viewControllerHandlerMapping'
2023-03-14 16:14:31,734 DEBUG org.springframework.web.servlet.handler.SimpleUrlHandlerMapping [main] Patterns [/webjars/**, /**, /swagger-ui/**] in 'resourceHandlerMapping'
2023-03-14 16:14:31,750 DEBUG org.springframework.web.servlet.mvc.method.annotation.ExceptionHandlerExceptionResolver [main] ControllerAdvice beans: 0 @ExceptionHandler, 1 ResponseBodyAdvice
2023-03-14 16:14:31,958 INFO org.apache.juli.logging.DirectJDKLog [main] Starting ProtocolHandler ["http-nio-8089"]
2023-03-14 16:14:32,061 INFO org.springframework.boot.web.embedded.tomcat.TomcatWebServer [main] Tomcat started on port(s): 8089 (http) with context path ''
2023-03-14 16:14:32,802 INFO org.springframework.boot.StartupInfoLogger [main] Started PFEApplication in 12.579 seconds (JVM running for 13.872)
2023-03-14 16:14:32,811 INFO ma.pfe.PFEApplication [main] Access URLs:
----------------------------------------------------------
	Local: 		http://127.0.0.1:8089/swagger-ui/#/
	External: 	http://192.168.95.1:8089/swagger-ui/#/
----------------------------------------------------------
2023-03-14 16:16:29,616 INFO org.apache.juli.logging.DirectJDKLog [http-nio-8089-exec-1] Initializing Spring DispatcherServlet 'dispatcherServlet'
2023-03-14 16:16:29,617 INFO org.springframework.web.servlet.FrameworkServlet [http-nio-8089-exec-1] Initializing Servlet 'dispatcherServlet'
2023-03-14 16:16:29,618 DEBUG org.springframework.web.servlet.DispatcherServlet [http-nio-8089-exec-1] Detected StandardServletMultipartResolver
2023-03-14 16:16:29,619 DEBUG org.springframework.web.servlet.DispatcherServlet [http-nio-8089-exec-1] Detected AcceptHeaderLocaleResolver
2023-03-14 16:16:29,619 DEBUG org.springframework.web.servlet.DispatcherServlet [http-nio-8089-exec-1] Detected FixedThemeResolver
2023-03-14 16:16:29,622 DEBUG org.springframework.web.servlet.DispatcherServlet [http-nio-8089-exec-1] Detected org.springframework.web.servlet.view.DefaultRequestToViewNameTranslator@2a42019a
2023-03-14 16:16:29,623 DEBUG org.springframework.web.servlet.DispatcherServlet [http-nio-8089-exec-1] Detected org.springframework.web.servlet.support.SessionFlashMapManager@523abba9
2023-03-14 16:16:29,628 DEBUG org.springframework.web.servlet.FrameworkServlet [http-nio-8089-exec-1] enableLoggingRequestDetails='false': request parameters and headers will be masked to prevent unsafe logging of potentially sensitive data
2023-03-14 16:16:29,628 INFO org.springframework.web.servlet.FrameworkServlet [http-nio-8089-exec-1] Completed initialization in 10 ms
2023-03-14 16:16:29,741 DEBUG org.springframework.core.log.LogFormatUtils [http-nio-8089-exec-1] GET "/swagger-ui/", parameters={}
2023-03-14 16:16:29,756 DEBUG org.springframework.web.servlet.handler.AbstractHandlerMapping [http-nio-8089-exec-1] Mapped to ParameterizableViewController [view="forward:/swagger-ui/index.html"]
2023-03-14 16:16:29,789 DEBUG org.springframework.web.servlet.view.ContentNegotiatingViewResolver [http-nio-8089-exec-1] Selected 'text/html' given [text/html, application/xhtml+xml, image/avif, image/webp, image/apng, application/xml;q=0.9, application/signed-exchange;v=b3;q=0.7, */*;q=0.8]
2023-03-14 16:16:29,802 DEBUG org.springframework.web.servlet.view.AbstractView [http-nio-8089-exec-1] View name 'forward:', model {}
2023-03-14 16:16:29,805 DEBUG org.springframework.web.servlet.view.InternalResourceView [http-nio-8089-exec-1] Forwarding to [/swagger-ui/index.html]
2023-03-14 16:16:29,822 DEBUG org.springframework.core.log.LogFormatUtils [http-nio-8089-exec-1] "FORWARD" dispatch for GET "/swagger-ui/index.html", parameters={}
2023-03-14 16:16:29,845 DEBUG org.springframework.web.servlet.handler.AbstractHandlerMapping [http-nio-8089-exec-1] Mapped to ResourceHttpRequestHandler [Classpath [META-INF/resources/webjars/springfox-swagger-ui/]]
2023-03-14 16:16:29,925 DEBUG org.springframework.web.servlet.FrameworkServlet [http-nio-8089-exec-1] Exiting from "FORWARD" dispatch, status 200
2023-03-14 16:16:29,928 DEBUG org.springframework.web.servlet.FrameworkServlet [http-nio-8089-exec-1] Completed 200 OK
2023-03-14 16:16:30,374 DEBUG org.springframework.core.log.LogFormatUtils [http-nio-8089-exec-2] GET "/swagger-ui/springfox.css?v=3.0.0", parameters={masked}
2023-03-14 16:16:30,377 DEBUG org.springframework.web.servlet.handler.AbstractHandlerMapping [http-nio-8089-exec-2] Mapped to ResourceHttpRequestHandler [Classpath [META-INF/resources/webjars/springfox-swagger-ui/]]
2023-03-14 16:16:30,393 DEBUG org.springframework.web.servlet.FrameworkServlet [http-nio-8089-exec-2] Completed 200 OK
2023-03-14 16:16:30,410 DEBUG org.springframework.core.log.LogFormatUtils [http-nio-8089-exec-3] GET "/swagger-ui/swagger-ui.css?v=3.0.0", parameters={masked}
2023-03-14 16:16:30,428 DEBUG org.springframework.core.log.LogFormatUtils [http-nio-8089-exec-6] GET "/swagger-ui/springfox.js?v=3.0.0", parameters={masked}
2023-03-14 16:16:30,442 DEBUG org.springframework.web.servlet.handler.AbstractHandlerMapping [http-nio-8089-exec-6] Mapped to ResourceHttpRequestHandler [Classpath [META-INF/resources/webjars/springfox-swagger-ui/]]
2023-03-14 16:16:30,426 DEBUG org.springframework.core.log.LogFormatUtils [http-nio-8089-exec-5] GET "/swagger-ui/swagger-ui-standalone-preset.js?v=3.0.0", parameters={masked}
2023-03-14 16:16:30,444 DEBUG org.springframework.web.servlet.handler.AbstractHandlerMapping [http-nio-8089-exec-5] Mapped to ResourceHttpRequestHandler [Classpath [META-INF/resources/webjars/springfox-swagger-ui/]]
2023-03-14 16:16:30,422 DEBUG org.springframework.core.log.LogFormatUtils [http-nio-8089-exec-4] GET "/swagger-ui/swagger-ui-bundle.js?v=3.0.0", parameters={masked}
2023-03-14 16:16:30,411 DEBUG org.springframework.web.servlet.handler.AbstractHandlerMapping [http-nio-8089-exec-3] Mapped to ResourceHttpRequestHandler [Classpath [META-INF/resources/webjars/springfox-swagger-ui/]]
2023-03-14 16:16:30,453 DEBUG org.springframework.web.servlet.handler.AbstractHandlerMapping [http-nio-8089-exec-4] Mapped to ResourceHttpRequestHandler [Classpath [META-INF/resources/webjars/springfox-swagger-ui/]]
2023-03-14 16:16:30,622 DEBUG org.springframework.web.servlet.FrameworkServlet [http-nio-8089-exec-6] Completed 200 OK
2023-03-14 16:16:30,631 DEBUG org.springframework.web.servlet.FrameworkServlet [http-nio-8089-exec-3] Completed 200 OK
2023-03-14 16:16:30,655 DEBUG org.springframework.web.servlet.FrameworkServlet [http-nio-8089-exec-5] Completed 200 OK
2023-03-14 16:16:30,690 DEBUG org.springframework.web.servlet.FrameworkServlet [http-nio-8089-exec-4] Completed 200 OK
2023-03-14 16:16:31,085 DEBUG org.springframework.core.log.LogFormatUtils [http-nio-8089-exec-1] GET "/swagger-resources/configuration/ui", parameters={}
2023-03-14 16:16:31,087 DEBUG org.springframework.web.servlet.handler.AbstractHandlerMapping [http-nio-8089-exec-1] Mapped to springfox.documentation.swagger.web.ApiResourceController#uiConfiguration()
2023-03-14 16:16:31,110 DEBUG org.springframework.web.servlet.mvc.method.annotation.AbstractMessageConverterMethodProcessor [http-nio-8089-exec-1] Using 'application/json', given [application/json] and supported [application/json]
2023-03-14 16:16:31,197 DEBUG org.springframework.core.log.LogFormatUtils [http-nio-8089-exec-1] Writing [springfox.documentation.swagger.web.UiConfiguration@3520fa52]
2023-03-14 16:16:31,216 DEBUG org.springframework.web.servlet.FrameworkServlet [http-nio-8089-exec-1] Completed 200 OK
2023-03-14 16:16:31,221 DEBUG org.springframework.core.log.LogFormatUtils [http-nio-8089-exec-2] GET "/swagger-resources/configuration/security", parameters={}
2023-03-14 16:16:31,223 DEBUG org.springframework.web.servlet.handler.AbstractHandlerMapping [http-nio-8089-exec-2] Mapped to springfox.documentation.swagger.web.ApiResourceController#securityConfiguration()
2023-03-14 16:16:31,224 DEBUG org.springframework.web.servlet.mvc.method.annotation.AbstractMessageConverterMethodProcessor [http-nio-8089-exec-2] Using 'application/json', given [application/json] and supported [application/json]
2023-03-14 16:16:31,240 DEBUG org.springframework.core.log.LogFormatUtils [http-nio-8089-exec-2] Writing [springfox.documentation.swagger.web.SecurityConfiguration@347096c3]
2023-03-14 16:16:31,242 DEBUG org.springframework.web.servlet.FrameworkServlet [http-nio-8089-exec-2] Completed 200 OK
2023-03-14 16:16:31,252 DEBUG org.springframework.core.log.LogFormatUtils [http-nio-8089-exec-6] GET "/swagger-resources", parameters={}
2023-03-14 16:16:31,267 DEBUG org.springframework.web.servlet.handler.AbstractHandlerMapping [http-nio-8089-exec-6] Mapped to springfox.documentation.swagger.web.ApiResourceController#swaggerResources()
2023-03-14 16:16:31,269 DEBUG org.springframework.web.servlet.mvc.method.annotation.AbstractMessageConverterMethodProcessor [http-nio-8089-exec-6] Using 'application/json', given [application/json] and supported [application/json]
2023-03-14 16:16:31,272 DEBUG org.springframework.core.log.LogFormatUtils [http-nio-8089-exec-6] Writing [[springfox.documentation.swagger.web.SwaggerResource@64d4fcdf]]
2023-03-14 16:16:31,276 DEBUG org.springframework.web.servlet.FrameworkServlet [http-nio-8089-exec-6] Completed 200 OK
2023-03-14 16:16:31,505 DEBUG org.springframework.core.log.LogFormatUtils [http-nio-8089-exec-3] GET "/v2/api-docs", parameters={}
2023-03-14 16:16:31,506 DEBUG org.springframework.web.servlet.handler.AbstractHandlerMapping [http-nio-8089-exec-3] Mapped to springfox.documentation.swagger2.web.Swagger2ControllerWebMvc#getDocumentation(String, HttpServletRequest)
2023-03-14 16:16:31,726 DEBUG org.springframework.web.servlet.mvc.method.annotation.AbstractMessageConverterMethodProcessor [http-nio-8089-exec-3] Using 'application/json', given [application/json, */*] and supported [application/json, application/hal+json]
2023-03-14 16:16:31,730 DEBUG org.springframework.core.log.LogFormatUtils [http-nio-8089-exec-3] Writing [springfox.documentation.spring.web.json.Json@53f5987d]
2023-03-14 16:16:31,734 DEBUG org.springframework.web.servlet.FrameworkServlet [http-nio-8089-exec-3] Completed 200 OK
2023-03-14 17:42:10,543 DEBUG org.springframework.core.log.LogFormatUtils [http-nio-8089-exec-10] POST "/students", parameters={}
2023-03-14 17:42:10,557 DEBUG org.springframework.web.servlet.handler.AbstractHandlerMapping [http-nio-8089-exec-10] Mapped to ma.pfe.controllers.StudentController#create(StudentDto)
2023-03-14 17:42:10,965 DEBUG org.springframework.core.log.LogFormatUtils [http-nio-8089-exec-10] Read "application/json;charset=UTF-8" to [StudentDto{id=0, name='hamza'}]
2023-03-14 17:42:10,976 DEBUG ma.pfe.controllers.StudentController [http-nio-8089-exec-10] start method save dto : StudentDto{id=0, name='hamza'} 
2023-03-14 17:42:10,977 DEBUG ma.pfe.services.StudentServiceImp [http-nio-8089-exec-10] start method save dto : StudentDto{id=0, name='hamza'} 
2023-03-14 17:42:12,099 DEBUG org.springframework.web.servlet.mvc.method.annotation.AbstractMessageConverterMethodProcessor [http-nio-8089-exec-10] Using 'application/json', given [*/*] and supported [application/json, application/*+json, application/json, application/*+json]
2023-03-14 17:42:12,100 DEBUG org.springframework.core.log.LogFormatUtils [http-nio-8089-exec-10] Writing [StudentDto{id=0, name='hamza'}]
2023-03-14 17:42:12,103 DEBUG org.springframework.web.servlet.FrameworkServlet [http-nio-8089-exec-10] Completed 200 OK
